{
  "stats": {
    "suites": 1,
    "tests": 3,
    "passes": 2,
    "pending": 0,
    "failures": 1,
    "start": "2025-09-14T00:11:05.137Z",
    "end": "2025-09-14T00:12:22.785Z",
    "duration": 77648,
    "testsRegistered": 3,
    "passPercent": 66.66666666666666,
    "pendingPercent": 0,
    "other": 0,
    "hasOther": false,
    "skipped": 0,
    "hasSkipped": false
  },
  "results": [
    {
      "uuid": "a15fb1db-fa2f-4954-8728-ecce43d8f9e7",
      "title": "",
      "fullFile": "cypress/e2e/features/webTable.feature",
      "file": "cypress/e2e/features/webTable.feature",
      "beforeHooks": [],
      "afterHooks": [],
      "tests": [],
      "suites": [
        {
          "uuid": "e2e1a65f-c1a0-406a-a778-5ea341c6b1dd",
          "title": "Web Tables",
          "fullFile": "",
          "file": "",
          "beforeHooks": [],
          "afterHooks": [],
          "tests": [
            {
              "title": "Add a new user to the web table",
              "fullTitle": "Web Tables Add a new user to the web table",
              "timedOut": null,
              "duration": 19017,
              "state": "passed",
              "speed": "slow",
              "pass": true,
              "fail": false,
              "pending": false,
              "context": null,
              "code": "var _a, _b, _c, _d, _e;\n/**\n * This must always be true, otherwise something is off.\n */\n(0, assertions_1.assert)(context.includedPickles[0].id === pickle.id, \"Included pickle stack is unsynchronized\");\nconst { remainingSteps, testCaseStartedId } = retrieveInternalSpecProperties();\ntaskTestCaseStarted(context, {\n    id: testCaseStartedId,\n    testCaseId,\n    attempt: attempt++,\n    timestamp: (0, messages_1.createTimestamp)(),\n});\nwindow.testState = {\n    gherkinDocument,\n    pickles,\n    pickle,\n};\nconst onAfterStep = (options) => {\n    var _a, _b, _c;\n    const { testStepId, start, result } = options;\n    const end = (0, messages_1.createTimestamp)();\n    if (result === \"pending\" || result === \"skipped\") {\n        if (result === \"pending\") {\n            taskTestStepFinished(context, {\n                testStepId,\n                testCaseStartedId,\n                testStepResult: {\n                    status: messages_enums_1.TestStepResultStatus.PENDING,\n                    duration: (0, messages_1.duration)(start, end),\n                },\n                timestamp: end,\n            });\n        }\n        else {\n            taskTestStepFinished(context, {\n                testStepId,\n                testCaseStartedId,\n                testStepResult: {\n                    status: messages_enums_1.TestStepResultStatus.SKIPPED,\n                    duration: (0, messages_1.duration)(start, end),\n                },\n                timestamp: end,\n            });\n        }\n        remainingSteps.shift();\n        for (const skippedStep of remainingSteps) {\n            const hookIdOrPickleStepId = (0, assertions_1.assertAndReturn)((_b = (_a = skippedStep.hook) === null || _a === void 0 ? void 0 : _a.id) !== null && _b !== void 0 ? _b : (_c = skippedStep.pickleStep) === null || _c === void 0 ? void 0 : _c.id, \"Expected a step to either be a hook or a pickleStep\");\n            const testStepId = getTestStepId({\n                context,\n                pickleId: pickle.id,\n                hookIdOrPickleStepId,\n            });\n            taskTestStepStarted(context, {\n                testStepId,\n                testCaseStartedId,\n                timestamp: (0, messages_1.createTimestamp)(),\n            });\n            taskTestStepFinished(context, {\n                testStepId,\n                testCaseStartedId,\n                testStepResult: {\n                    status: messages_enums_1.TestStepResultStatus.SKIPPED,\n                    duration: {\n                        seconds: 0,\n                        nanos: 0,\n                    },\n                },\n                timestamp: (0, messages_1.createTimestamp)(),\n            });\n        }\n        for (let i = 0, count = remainingSteps.length; i < count; i++) {\n            remainingSteps.pop();\n        }\n        cy.then(() => this.skip());\n    }\n    else {\n        taskTestStepFinished(context, {\n            testStepId,\n            testCaseStartedId,\n            testStepResult: {\n                status: messages_enums_1.TestStepResultStatus.PASSED,\n                duration: (0, messages_1.duration)(start, end),\n            },\n            timestamp: end,\n        });\n        remainingSteps.shift();\n    }\n};\nfor (const step of steps) {\n    if (step.hook) {\n        const hook = step.hook;\n        const testStepId = getTestStepId({\n            context,\n            pickleId: pickle.id,\n            hookIdOrPickleStepId: hook.id,\n        });\n        cy.then(() => {\n            delete window.testState.pickleStep;\n            const start = (0, messages_1.createTimestamp)();\n            internalProperties.currentStepStartedAt = start;\n            taskTestStepStarted(context, {\n                testStepId,\n                testCaseStartedId,\n                timestamp: start,\n            });\n            return cy.wrap(start, { log: false });\n        })\n            .then((start) => {\n            const options = {\n                pickle,\n                gherkinDocument,\n                testCaseStartedId,\n            };\n            return (0, cypress_1.runStepWithLogGroup)({\n                fn: dryRun\n                    ? noopFn\n                    : () => registry.runCaseHook(this, hook, options),\n                keyword: hook.keyword,\n                text: createStepDescription(hook),\n            }).then((result) => {\n                return { start, result };\n            });\n        })\n            .then(({ start, result }) => onAfterStep({ start, result, testStepId }));\n    }\n    else if (step.pickleStep) {\n        const pickleStep = step.pickleStep;\n        const testStepId = getTestStepId({\n            context,\n            pickleId: pickle.id,\n            hookIdOrPickleStepId: pickleStep.id,\n        });\n        const text = (0, assertions_1.assertAndReturn)(pickleStep.text, \"Expected pickle step to have a text\");\n        const scenarioStep = (0, assertions_1.assertAndReturn)(context.astIdsMap.get((0, assertions_1.assertAndReturn)((_a = pickleStep.astNodeIds) === null || _a === void 0 ? void 0 : _a[0], \"Expected to find at least one astNodeId\")), `Expected to find scenario step associated with id = ${(_b = pickleStep.astNodeIds) === null || _b === void 0 ? void 0 : _b[0]}`);\n        const argument = ((_c = pickleStep.argument) === null || _c === void 0 ? void 0 : _c.dataTable)\n            ? new data_table_1.default(pickleStep.argument.dataTable)\n            : ((_e = (_d = pickleStep.argument) === null || _d === void 0 ? void 0 : _d.docString) === null || _e === void 0 ? void 0 : _e.content)\n                ? pickleStep.argument.docString.content\n                : undefined;\n        cy.then(() => {\n            window.testState.pickleStep = step.pickleStep;\n            const start = (0, messages_1.createTimestamp)();\n            internalProperties.currentStep = { pickleStep };\n            internalProperties.currentStepStartedAt = start;\n            taskTestStepStarted(context, {\n                testStepId,\n                testCaseStartedId,\n                timestamp: start,\n            });\n            return cy.wrap(start, { log: false });\n        })\n            .then((start) => {\n            const beforeStepHooks = registry.resolveBeforeStepHooks(tags);\n            const afterStepHooks = registry.resolveAfterStepHooks(tags);\n            const options = {\n                pickle,\n                pickleStep,\n                gherkinDocument,\n                testCaseStartedId,\n                testStepId,\n            };\n            const beforeHooksChain = beforeStepHooks.reduce((chain, beforeStepHook) => {\n                return chain.then(() => (0, cypress_1.runStepWithLogGroup)({\n                    keyword: \"BeforeStep\",\n                    text: createStepDescription(beforeStepHook),\n                    fn: dryRun\n                        ? noopFn\n                        : () => registry.runStepHook(this, beforeStepHook, options),\n                }));\n            }, cy.wrap({}, { log: false }));\n            return beforeHooksChain.then(() => {\n                try {\n                    return (0, cypress_1.runStepWithLogGroup)({\n                        keyword: (0, assertions_1.assertAndReturn)(\"keyword\" in scenarioStep && scenarioStep.keyword, \"Expected to find a keyword in the scenario step\"),\n                        argument,\n                        text,\n                        fn: () => registry.runStepDefinition(this, text, dryRun, argument),\n                    }).then((result) => {\n                        return afterStepHooks\n                            .reduce((chain, afterStepHook) => {\n                            return chain.then(() => (0, cypress_1.runStepWithLogGroup)({\n                                keyword: \"AfterStep\",\n                                text: createStepDescription(afterStepHook),\n                                fn: dryRun\n                                    ? noopFn\n                                    : () => registry.runStepHook(this, afterStepHook, options),\n                            }));\n                        }, cy.wrap({}, { log: false }))\n                            .then(() => {\n                            return { start, result };\n                        });\n                    });\n                }\n                catch (e) {\n                    if (e instanceof registry_1.MissingDefinitionError) {\n                        throw new Error(createMissingStepDefinitionMessage(context, pickleStep, context.registry.parameterTypeRegistry));\n                    }\n                    else {\n                        throw e;\n                    }\n                }\n            });\n        })\n            .then(({ start, result }) => onAfterStep({ start, result, testStepId }));\n    }\n}",
              "err": {},
              "uuid": "dbb0d5a9-85fc-4110-904a-35a3d52fc0d5",
              "parentUUID": "e2e1a65f-c1a0-406a-a778-5ea341c6b1dd",
              "isHook": false,
              "skipped": false
            },
            {
              "title": "Delete a row from the web table",
              "fullTitle": "Web Tables Delete a row from the web table",
              "timedOut": null,
              "duration": 3448,
              "state": "passed",
              "speed": "fast",
              "pass": true,
              "fail": false,
              "pending": false,
              "context": null,
              "code": "var _a, _b, _c, _d, _e;\n/**\n * This must always be true, otherwise something is off.\n */\n(0, assertions_1.assert)(context.includedPickles[0].id === pickle.id, \"Included pickle stack is unsynchronized\");\nconst { remainingSteps, testCaseStartedId } = retrieveInternalSpecProperties();\ntaskTestCaseStarted(context, {\n    id: testCaseStartedId,\n    testCaseId,\n    attempt: attempt++,\n    timestamp: (0, messages_1.createTimestamp)(),\n});\nwindow.testState = {\n    gherkinDocument,\n    pickles,\n    pickle,\n};\nconst onAfterStep = (options) => {\n    var _a, _b, _c;\n    const { testStepId, start, result } = options;\n    const end = (0, messages_1.createTimestamp)();\n    if (result === \"pending\" || result === \"skipped\") {\n        if (result === \"pending\") {\n            taskTestStepFinished(context, {\n                testStepId,\n                testCaseStartedId,\n                testStepResult: {\n                    status: messages_enums_1.TestStepResultStatus.PENDING,\n                    duration: (0, messages_1.duration)(start, end),\n                },\n                timestamp: end,\n            });\n        }\n        else {\n            taskTestStepFinished(context, {\n                testStepId,\n                testCaseStartedId,\n                testStepResult: {\n                    status: messages_enums_1.TestStepResultStatus.SKIPPED,\n                    duration: (0, messages_1.duration)(start, end),\n                },\n                timestamp: end,\n            });\n        }\n        remainingSteps.shift();\n        for (const skippedStep of remainingSteps) {\n            const hookIdOrPickleStepId = (0, assertions_1.assertAndReturn)((_b = (_a = skippedStep.hook) === null || _a === void 0 ? void 0 : _a.id) !== null && _b !== void 0 ? _b : (_c = skippedStep.pickleStep) === null || _c === void 0 ? void 0 : _c.id, \"Expected a step to either be a hook or a pickleStep\");\n            const testStepId = getTestStepId({\n                context,\n                pickleId: pickle.id,\n                hookIdOrPickleStepId,\n            });\n            taskTestStepStarted(context, {\n                testStepId,\n                testCaseStartedId,\n                timestamp: (0, messages_1.createTimestamp)(),\n            });\n            taskTestStepFinished(context, {\n                testStepId,\n                testCaseStartedId,\n                testStepResult: {\n                    status: messages_enums_1.TestStepResultStatus.SKIPPED,\n                    duration: {\n                        seconds: 0,\n                        nanos: 0,\n                    },\n                },\n                timestamp: (0, messages_1.createTimestamp)(),\n            });\n        }\n        for (let i = 0, count = remainingSteps.length; i < count; i++) {\n            remainingSteps.pop();\n        }\n        cy.then(() => this.skip());\n    }\n    else {\n        taskTestStepFinished(context, {\n            testStepId,\n            testCaseStartedId,\n            testStepResult: {\n                status: messages_enums_1.TestStepResultStatus.PASSED,\n                duration: (0, messages_1.duration)(start, end),\n            },\n            timestamp: end,\n        });\n        remainingSteps.shift();\n    }\n};\nfor (const step of steps) {\n    if (step.hook) {\n        const hook = step.hook;\n        const testStepId = getTestStepId({\n            context,\n            pickleId: pickle.id,\n            hookIdOrPickleStepId: hook.id,\n        });\n        cy.then(() => {\n            delete window.testState.pickleStep;\n            const start = (0, messages_1.createTimestamp)();\n            internalProperties.currentStepStartedAt = start;\n            taskTestStepStarted(context, {\n                testStepId,\n                testCaseStartedId,\n                timestamp: start,\n            });\n            return cy.wrap(start, { log: false });\n        })\n            .then((start) => {\n            const options = {\n                pickle,\n                gherkinDocument,\n                testCaseStartedId,\n            };\n            return (0, cypress_1.runStepWithLogGroup)({\n                fn: dryRun\n                    ? noopFn\n                    : () => registry.runCaseHook(this, hook, options),\n                keyword: hook.keyword,\n                text: createStepDescription(hook),\n            }).then((result) => {\n                return { start, result };\n            });\n        })\n            .then(({ start, result }) => onAfterStep({ start, result, testStepId }));\n    }\n    else if (step.pickleStep) {\n        const pickleStep = step.pickleStep;\n        const testStepId = getTestStepId({\n            context,\n            pickleId: pickle.id,\n            hookIdOrPickleStepId: pickleStep.id,\n        });\n        const text = (0, assertions_1.assertAndReturn)(pickleStep.text, \"Expected pickle step to have a text\");\n        const scenarioStep = (0, assertions_1.assertAndReturn)(context.astIdsMap.get((0, assertions_1.assertAndReturn)((_a = pickleStep.astNodeIds) === null || _a === void 0 ? void 0 : _a[0], \"Expected to find at least one astNodeId\")), `Expected to find scenario step associated with id = ${(_b = pickleStep.astNodeIds) === null || _b === void 0 ? void 0 : _b[0]}`);\n        const argument = ((_c = pickleStep.argument) === null || _c === void 0 ? void 0 : _c.dataTable)\n            ? new data_table_1.default(pickleStep.argument.dataTable)\n            : ((_e = (_d = pickleStep.argument) === null || _d === void 0 ? void 0 : _d.docString) === null || _e === void 0 ? void 0 : _e.content)\n                ? pickleStep.argument.docString.content\n                : undefined;\n        cy.then(() => {\n            window.testState.pickleStep = step.pickleStep;\n            const start = (0, messages_1.createTimestamp)();\n            internalProperties.currentStep = { pickleStep };\n            internalProperties.currentStepStartedAt = start;\n            taskTestStepStarted(context, {\n                testStepId,\n                testCaseStartedId,\n                timestamp: start,\n            });\n            return cy.wrap(start, { log: false });\n        })\n            .then((start) => {\n            const beforeStepHooks = registry.resolveBeforeStepHooks(tags);\n            const afterStepHooks = registry.resolveAfterStepHooks(tags);\n            const options = {\n                pickle,\n                pickleStep,\n                gherkinDocument,\n                testCaseStartedId,\n                testStepId,\n            };\n            const beforeHooksChain = beforeStepHooks.reduce((chain, beforeStepHook) => {\n                return chain.then(() => (0, cypress_1.runStepWithLogGroup)({\n                    keyword: \"BeforeStep\",\n                    text: createStepDescription(beforeStepHook),\n                    fn: dryRun\n                        ? noopFn\n                        : () => registry.runStepHook(this, beforeStepHook, options),\n                }));\n            }, cy.wrap({}, { log: false }));\n            return beforeHooksChain.then(() => {\n                try {\n                    return (0, cypress_1.runStepWithLogGroup)({\n                        keyword: (0, assertions_1.assertAndReturn)(\"keyword\" in scenarioStep && scenarioStep.keyword, \"Expected to find a keyword in the scenario step\"),\n                        argument,\n                        text,\n                        fn: () => registry.runStepDefinition(this, text, dryRun, argument),\n                    }).then((result) => {\n                        return afterStepHooks\n                            .reduce((chain, afterStepHook) => {\n                            return chain.then(() => (0, cypress_1.runStepWithLogGroup)({\n                                keyword: \"AfterStep\",\n                                text: createStepDescription(afterStepHook),\n                                fn: dryRun\n                                    ? noopFn\n                                    : () => registry.runStepHook(this, afterStepHook, options),\n                            }));\n                        }, cy.wrap({}, { log: false }))\n                            .then(() => {\n                            return { start, result };\n                        });\n                    });\n                }\n                catch (e) {\n                    if (e instanceof registry_1.MissingDefinitionError) {\n                        throw new Error(createMissingStepDefinitionMessage(context, pickleStep, context.registry.parameterTypeRegistry));\n                    }\n                    else {\n                        throw e;\n                    }\n                }\n            });\n        })\n            .then(({ start, result }) => onAfterStep({ start, result, testStepId }));\n    }\n}",
              "err": {},
              "uuid": "2bce3426-f84c-4894-ac0b-5f2fe528eff9",
              "parentUUID": "e2e1a65f-c1a0-406a-a778-5ea341c6b1dd",
              "isHook": false,
              "skipped": false
            },
            {
              "title": "Add enough users to create a second page",
              "fullTitle": "Web Tables Add enough users to create a second page",
              "timedOut": null,
              "duration": 15586,
              "state": "failed",
              "speed": null,
              "pass": false,
              "fail": true,
              "pending": false,
              "context": null,
              "code": "var _a, _b, _c, _d, _e;\n/**\n * This must always be true, otherwise something is off.\n */\n(0, assertions_1.assert)(context.includedPickles[0].id === pickle.id, \"Included pickle stack is unsynchronized\");\nconst { remainingSteps, testCaseStartedId } = retrieveInternalSpecProperties();\ntaskTestCaseStarted(context, {\n    id: testCaseStartedId,\n    testCaseId,\n    attempt: attempt++,\n    timestamp: (0, messages_1.createTimestamp)(),\n});\nwindow.testState = {\n    gherkinDocument,\n    pickles,\n    pickle,\n};\nconst onAfterStep = (options) => {\n    var _a, _b, _c;\n    const { testStepId, start, result } = options;\n    const end = (0, messages_1.createTimestamp)();\n    if (result === \"pending\" || result === \"skipped\") {\n        if (result === \"pending\") {\n            taskTestStepFinished(context, {\n                testStepId,\n                testCaseStartedId,\n                testStepResult: {\n                    status: messages_enums_1.TestStepResultStatus.PENDING,\n                    duration: (0, messages_1.duration)(start, end),\n                },\n                timestamp: end,\n            });\n        }\n        else {\n            taskTestStepFinished(context, {\n                testStepId,\n                testCaseStartedId,\n                testStepResult: {\n                    status: messages_enums_1.TestStepResultStatus.SKIPPED,\n                    duration: (0, messages_1.duration)(start, end),\n                },\n                timestamp: end,\n            });\n        }\n        remainingSteps.shift();\n        for (const skippedStep of remainingSteps) {\n            const hookIdOrPickleStepId = (0, assertions_1.assertAndReturn)((_b = (_a = skippedStep.hook) === null || _a === void 0 ? void 0 : _a.id) !== null && _b !== void 0 ? _b : (_c = skippedStep.pickleStep) === null || _c === void 0 ? void 0 : _c.id, \"Expected a step to either be a hook or a pickleStep\");\n            const testStepId = getTestStepId({\n                context,\n                pickleId: pickle.id,\n                hookIdOrPickleStepId,\n            });\n            taskTestStepStarted(context, {\n                testStepId,\n                testCaseStartedId,\n                timestamp: (0, messages_1.createTimestamp)(),\n            });\n            taskTestStepFinished(context, {\n                testStepId,\n                testCaseStartedId,\n                testStepResult: {\n                    status: messages_enums_1.TestStepResultStatus.SKIPPED,\n                    duration: {\n                        seconds: 0,\n                        nanos: 0,\n                    },\n                },\n                timestamp: (0, messages_1.createTimestamp)(),\n            });\n        }\n        for (let i = 0, count = remainingSteps.length; i < count; i++) {\n            remainingSteps.pop();\n        }\n        cy.then(() => this.skip());\n    }\n    else {\n        taskTestStepFinished(context, {\n            testStepId,\n            testCaseStartedId,\n            testStepResult: {\n                status: messages_enums_1.TestStepResultStatus.PASSED,\n                duration: (0, messages_1.duration)(start, end),\n            },\n            timestamp: end,\n        });\n        remainingSteps.shift();\n    }\n};\nfor (const step of steps) {\n    if (step.hook) {\n        const hook = step.hook;\n        const testStepId = getTestStepId({\n            context,\n            pickleId: pickle.id,\n            hookIdOrPickleStepId: hook.id,\n        });\n        cy.then(() => {\n            delete window.testState.pickleStep;\n            const start = (0, messages_1.createTimestamp)();\n            internalProperties.currentStepStartedAt = start;\n            taskTestStepStarted(context, {\n                testStepId,\n                testCaseStartedId,\n                timestamp: start,\n            });\n            return cy.wrap(start, { log: false });\n        })\n            .then((start) => {\n            const options = {\n                pickle,\n                gherkinDocument,\n                testCaseStartedId,\n            };\n            return (0, cypress_1.runStepWithLogGroup)({\n                fn: dryRun\n                    ? noopFn\n                    : () => registry.runCaseHook(this, hook, options),\n                keyword: hook.keyword,\n                text: createStepDescription(hook),\n            }).then((result) => {\n                return { start, result };\n            });\n        })\n            .then(({ start, result }) => onAfterStep({ start, result, testStepId }));\n    }\n    else if (step.pickleStep) {\n        const pickleStep = step.pickleStep;\n        const testStepId = getTestStepId({\n            context,\n            pickleId: pickle.id,\n            hookIdOrPickleStepId: pickleStep.id,\n        });\n        const text = (0, assertions_1.assertAndReturn)(pickleStep.text, \"Expected pickle step to have a text\");\n        const scenarioStep = (0, assertions_1.assertAndReturn)(context.astIdsMap.get((0, assertions_1.assertAndReturn)((_a = pickleStep.astNodeIds) === null || _a === void 0 ? void 0 : _a[0], \"Expected to find at least one astNodeId\")), `Expected to find scenario step associated with id = ${(_b = pickleStep.astNodeIds) === null || _b === void 0 ? void 0 : _b[0]}`);\n        const argument = ((_c = pickleStep.argument) === null || _c === void 0 ? void 0 : _c.dataTable)\n            ? new data_table_1.default(pickleStep.argument.dataTable)\n            : ((_e = (_d = pickleStep.argument) === null || _d === void 0 ? void 0 : _d.docString) === null || _e === void 0 ? void 0 : _e.content)\n                ? pickleStep.argument.docString.content\n                : undefined;\n        cy.then(() => {\n            window.testState.pickleStep = step.pickleStep;\n            const start = (0, messages_1.createTimestamp)();\n            internalProperties.currentStep = { pickleStep };\n            internalProperties.currentStepStartedAt = start;\n            taskTestStepStarted(context, {\n                testStepId,\n                testCaseStartedId,\n                timestamp: start,\n            });\n            return cy.wrap(start, { log: false });\n        })\n            .then((start) => {\n            const beforeStepHooks = registry.resolveBeforeStepHooks(tags);\n            const afterStepHooks = registry.resolveAfterStepHooks(tags);\n            const options = {\n                pickle,\n                pickleStep,\n                gherkinDocument,\n                testCaseStartedId,\n                testStepId,\n            };\n            const beforeHooksChain = beforeStepHooks.reduce((chain, beforeStepHook) => {\n                return chain.then(() => (0, cypress_1.runStepWithLogGroup)({\n                    keyword: \"BeforeStep\",\n                    text: createStepDescription(beforeStepHook),\n                    fn: dryRun\n                        ? noopFn\n                        : () => registry.runStepHook(this, beforeStepHook, options),\n                }));\n            }, cy.wrap({}, { log: false }));\n            return beforeHooksChain.then(() => {\n                try {\n                    return (0, cypress_1.runStepWithLogGroup)({\n                        keyword: (0, assertions_1.assertAndReturn)(\"keyword\" in scenarioStep && scenarioStep.keyword, \"Expected to find a keyword in the scenario step\"),\n                        argument,\n                        text,\n                        fn: () => registry.runStepDefinition(this, text, dryRun, argument),\n                    }).then((result) => {\n                        return afterStepHooks\n                            .reduce((chain, afterStepHook) => {\n                            return chain.then(() => (0, cypress_1.runStepWithLogGroup)({\n                                keyword: \"AfterStep\",\n                                text: createStepDescription(afterStepHook),\n                                fn: dryRun\n                                    ? noopFn\n                                    : () => registry.runStepHook(this, afterStepHook, options),\n                            }));\n                        }, cy.wrap({}, { log: false }))\n                            .then(() => {\n                            return { start, result };\n                        });\n                    });\n                }\n                catch (e) {\n                    if (e instanceof registry_1.MissingDefinitionError) {\n                        throw new Error(createMissingStepDefinitionMessage(context, pickleStep, context.registry.parameterTypeRegistry));\n                    }\n                    else {\n                        throw e;\n                    }\n                }\n            });\n        })\n            .then(({ start, result }) => onAfterStep({ start, result, testStepId }));\n    }\n}",
              "err": {
                "message": "Error: The following error originated from your application code, not from Cypress.\n\n  > Script error.\n\nCypress detected that an uncaught error was thrown from a cross origin script.\n\nWe cannot provide you the stack trace, line number, or file where this error occurred.\n\nCheck your Developer Tools Console for the actual error - it should be printed there.\n\nIt's possible to enable debugging these scripts by adding the `crossorigin` attribute and setting a CORS header.\n\nWhen Cypress detects uncaught errors originating from your application it will automatically fail the current test.\n\nThis behavior is configurable, and you can choose to turn this off by listening to the `uncaught:exception` event.\n\nhttps://on.cypress.io/uncaught-exception-from-application\n\nhttps://on.cypress.io/cross-origin-script-error",
                "estack": "Error: The following error originated from your application code, not from Cypress.\n\n  > Script error.\n\nCypress detected that an uncaught error was thrown from a cross origin script.\n\nWe cannot provide you the stack trace, line number, or file where this error occurred.\n\nCheck your Developer Tools Console for the actual error - it should be printed there.\n\nIt's possible to enable debugging these scripts by adding the `crossorigin` attribute and setting a CORS header.\n\nWhen Cypress detects uncaught errors originating from your application it will automatically fail the current test.\n\nThis behavior is configurable, and you can choose to turn this off by listening to the `uncaught:exception` event.\n\nhttps://on.cypress.io/uncaught-exception-from-application\n\nhttps://on.cypress.io/cross-origin-script-error",
                "diff": null
              },
              "uuid": "7ef1f171-d5ea-4a1e-926c-02de5e5c2c08",
              "parentUUID": "e2e1a65f-c1a0-406a-a778-5ea341c6b1dd",
              "isHook": false,
              "skipped": false
            }
          ],
          "suites": [],
          "passes": [
            "dbb0d5a9-85fc-4110-904a-35a3d52fc0d5",
            "2bce3426-f84c-4894-ac0b-5f2fe528eff9"
          ],
          "failures": [
            "7ef1f171-d5ea-4a1e-926c-02de5e5c2c08"
          ],
          "pending": [],
          "skipped": [],
          "duration": 38051,
          "root": false,
          "rootEmpty": false,
          "_timeout": 2000
        }
      ],
      "passes": [],
      "failures": [],
      "pending": [],
      "skipped": [],
      "duration": 0,
      "root": true,
      "rootEmpty": true,
      "_timeout": 2000
    }
  ],
  "meta": {
    "mocha": {
      "version": "7.2.0"
    },
    "mochawesome": {
      "options": {
        "quiet": false,
        "reportFilename": "mochawesome",
        "saveHtml": true,
        "saveJson": true,
        "consoleReporter": "spec",
        "useInlineDiffs": false,
        "code": true
      },
      "version": "7.1.3"
    },
    "marge": {
      "options": {
        "reportDir": "cypress/reports",
        "overwrite": false,
        "html": true,
        "json": true
      },
      "version": "6.2.0"
    }
  }
}